<?xml version='1.0'?>
<ns2:test-suite xmlns:ns2='urn:model.allure.qatools.yandex.ru' start='1626679307550' stop='1626679328637'>
    <name>Login page tests</name>
    <title>Login page tests</title>
    <test-cases>
        <test-case start='1626679307550' status='broken' stop='1626679308556'>
            <name>Should be able to log in/out of the web application as a standard user</name>
            <title>Should be able to log in/out of the web application as a standard user</title>
            <labels>
                <label name='language' value='javascript'/>
                <label name='framework' value='wdio'/>
                <label name='thread' value='0-0'/>
            </labels>
            <parameters>
                <parameter kind='argument' name='browser' value='chrome-91.0.4472.114'/>
            </parameters>
            <steps/>
            <attachments/>
            <failure>
                <message>inventoryPage.pageTitle.waitForDisplayed is not a function</message>
                <stack-trace>TypeError: inventoryPage.pageTitle.waitForDisplayed is not a function
                    at Context.&lt;anonymous> (/home/nova/Documents/qa-programming-challenge/test/specs/Login/login.test.js:14:33)</stack-trace>
            </failure>
        </test-case>
        <test-case start='1626679308557' status='broken' stop='1626679318602'>
            <name>Should be able to log in/out of the application as a problem user</name>
            <title>Should be able to log in/out of the application as a problem user</title>
            <labels>
                <label name='language' value='javascript'/>
                <label name='framework' value='wdio'/>
                <label name='thread' value='0-0'/>
            </labels>
            <parameters>
                <parameter kind='argument' name='browser' value='chrome-91.0.4472.114'/>
            </parameters>
            <steps/>
            <attachments/>
            <failure>
                <message>element ("h4=Accepted usernames are:") still not displayed after 10000ms</message>
                <stack-trace>Error: element ("h4=Accepted usernames are:") still not displayed after 10000ms
                    at processTicksAndRejections (node:internal/process/task_queues:94:5)
                    at Context.&lt;anonymous> (/home/nova/Documents/qa-programming-challenge/test/specs/Login/login.test.js:20:28)</stack-trace>
            </failure>
        </test-case>
        <test-case start='1626679318605' status='broken' stop='1626679328636'>
            <name>Should be unable to log in</name>
            <title>Should be unable to log in</title>
            <labels>
                <label name='language' value='javascript'/>
                <label name='framework' value='wdio'/>
                <label name='thread' value='0-0'/>
            </labels>
            <parameters>
                <parameter kind='argument' name='browser' value='chrome-91.0.4472.114'/>
            </parameters>
            <steps/>
            <attachments/>
            <failure>
                <message>Can't call click on element with selector "#user-name" because element wasn't found</message>
                <stack-trace>Error: Can't call click on element with selector "#user-name" because element wasn't found
                    at Login.login (/home/nova/Documents/qa-programming-challenge/pageObjects/login.page.js:11:28)
                    at Context.&lt;anonymous> (/home/nova/Documents/qa-programming-challenge/test/specs/Login/login.test.js:29:19)</stack-trace>
            </failure>
        </test-case>
    </test-cases>
</ns2:test-suite>